<?xml version="1.0" encoding="UTF-8"?>
<!-- Generated by org.testng.reporters.JUnitXMLReporter -->
<testsuite ignored="1" hostname="DESKTOP-GQ1HDIT" failures="0" tests="1" name="Default test" time="10.894" errors="0" timestamp="2022-03-12T22:55:10 EST">
  <testcase classname="testcases.LoginTest" name="LoginFailureTest" time="4.937"/>
  <testcase classname="testcases.LoginTest" name="ExternalDataTest" time="0.0">
    <ignored/>
  </testcase> <!-- ExternalDataTest -->
</testsuite> <!-- Default test -->
