<?xml version="1.0" encoding="UTF-8"?>
<!-- Generated by org.testng.reporters.JUnitXMLReporter -->
<testsuite ignored="0" hostname="DESKTOP-GQ1HDIT" failures="0" tests="3" name="Test" time="27.204" errors="0" timestamp="2022-03-22T23:17:23 EDT">
  <testcase classname="testcases.LoginTest" name="ExternalDataTest" time="6.047"/>
  <testcase classname="testcases.LoginTest" name="LoginFailureTest" time="4.504"/>
  <testcase classname="testcases.LoginTest" name="LoginSuccessTest" time="5.502"/>
</testsuite> <!-- Test -->
