<?xml version="1.0" encoding="UTF-8"?>
<!-- Generated by org.testng.reporters.JUnitXMLReporter -->
<testsuite ignored="0" hostname="DESKTOP-GQ1HDIT" failures="0" tests="3" name="Test" time="25.35" errors="0" timestamp="2022-03-12T00:21:10 EST">
  <testcase classname="testcases.LoginTest" name="LoginFailureTest" time="6.04"/>
  <testcase classname="testcases.LoginTest" name="LoginSuccessTest" time="4.101"/>
  <testcase classname="testcases.LoginTest" name="ParameterizedTest" time="5.079"/>
</testsuite> <!-- Test -->
